<?xml version="1.0" encoding="UTF-8"?>
<testsuite name="Cucumber" time="13.124" tests="2" skipped="0" failures="0" errors="0">
<testcase classname="validating the login for an application" name="To test login with valid data  //can be used to run the same Scenario multiple times, with different combinations of values. - Example #1.1" time="10.232">
<system-out><![CDATA[
Given Open the browser and go to the login page of order placing site.......passed
When user enters a valid username "performance_glitch_user".................passed
And user enters a valid password "secret_sauce".............................passed
And user click on login button..............................................passed
Then user should see the  "SWAGLABS"........................................passed
]]></system-out>
</testcase>
<testcase classname="validating the login for an application" name="To test login with valid data  //can be used to run the same Scenario multiple times, with different combinations of values. - Example #1.2" time="2.704">
<system-out><![CDATA[
Given Open the browser and go to the login page of order placing site.......passed
When user enters a valid username "standard_user"...........................passed
And user enters a valid password "secret_sauce".............................passed
And user click on login button..............................................passed
Then user should see the  "SWAGLABS"........................................passed
]]></system-out>
</testcase>
</testsuite>
